No changes detected
Operations to perform:
  Apply all migrations: admin, auth, contenttypes, hyuhaksik, sessions, sites
Running migrations:
  Applying contenttypes.0001_initial... OK
  Applying auth.0001_initial... OK
  Applying admin.0001_initial... OK
  Applying admin.0002_logentry_remove_auto_add... OK
  Applying contenttypes.0002_remove_content_type_name... OK
  Applying auth.0002_alter_permission_name_max_length... OK
  Applying auth.0003_alter_user_email_max_length... OK
  Applying auth.0004_alter_user_username_opts... OK
  Applying auth.0005_alter_user_last_login_null... OK
  Applying auth.0006_require_contenttypes_0002... OK
  Applying auth.0007_alter_validators_add_error_messages... OK
  Applying auth.0008_alter_user_username_max_length... OK
  Applying auth.0009_alter_user_last_name_max_length... OK
  Applying hyuhaksik.0001_initial... OK
  Applying hyuhaksik.0002_auto_20180523_1234... OK
  Applying hyuhaksik.0003_auto_20180523_1244... OK
  Applying hyuhaksik.0004_auto_20180525_0159... OK
  Applying hyuhaksik.0005_univ_site... OK
  Applying sessions.0001_initial... OK
  Applying sites.0001_initial... OK
  Applying sites.0002_alter_domain_unique... OK
[01/Jun/2018 21:47:25] "GET /hyuhaksik/keyboard HTTP/1.1" 301 0
[01/Jun/2018 21:47:25] "GET /hyuhaksik/keyboard/ HTTP/1.1" 200 278
[01/Jun/2018 21:47:26] "POST /hyuhaksik/message HTTP/1.1" 200 1231
[01/Jun/2018 23:30:37] "GET /hyuhaksik/keyboard HTTP/1.1" 301 0
[01/Jun/2018 23:30:37] "GET /hyuhaksik/keyboard/ HTTP/1.1" 200 278
[01/Jun/2018 23:30:38] "POST /hyuhaksik/message HTTP/1.1" 200 1444
[01/Jun/2018 23:30:40] "POST /hyuhaksik/message HTTP/1.1" 200 1907
Invalid HTTP_HOST header: 'www.baidu.com'. You may need to add 'www.baidu.com' to ALLOWED_HOSTS.
[02/Jun/2018 01:58:02] "GET http://www.baidu.com/cache/global/img/gs.gif HTTP/1.1" 400 57811
Not Found: /
[02/Jun/2018 03:45:01] "HEAD / HTTP/1.1" 404 2034
Not Found: /
[02/Jun/2018 05:35:28] "HEAD / HTTP/1.1" 404 2034
[02/Jun/2018 10:03:58] "GET /hyuhaksik/keyboard HTTP/1.1" 301 0
[02/Jun/2018 10:03:58] "GET /hyuhaksik/keyboard/ HTTP/1.1" 200 278
[02/Jun/2018 10:04:02] "POST /hyuhaksik/message HTTP/1.1" 200 1219
[02/Jun/2018 10:04:05] "POST /hyuhaksik/message HTTP/1.1" 200 965
[02/Jun/2018 10:04:05] "POST /hyuhaksik/message HTTP/1.1" 200 796
Invalid HTTP_HOST header: 'www.baidu.com'. You may need to add 'www.baidu.com' to ALLOWED_HOSTS.
[02/Jun/2018 11:14:03] "GET http://www.baidu.com/cache/global/img/gs.gif HTTP/1.1" 400 57811
Invalid HTTP_HOST header: '210.90.180.194:8000'. You may need to add '210.90.180.194' to ALLOWED_HOSTS.
[02/Jun/2018 11:14:32] "GET / HTTP/1.1" 400 57633
Invalid HTTP_HOST header: '210.90.180.194:8000'. You may need to add '210.90.180.194' to ALLOWED_HOSTS.
[02/Jun/2018 11:14:32] "GET / HTTP/1.1" 400 57923
Not Found: /
[02/Jun/2018 12:45:54] "GET / HTTP/1.0" 404 2033
[02/Jun/2018 13:03:26] "GET /hyuhaksik/keyboard HTTP/1.1" 301 0
[02/Jun/2018 13:03:26] "GET /hyuhaksik/keyboard/ HTTP/1.1" 200 278
[02/Jun/2018 13:03:27] "POST /hyuhaksik/message HTTP/1.1" 200 1231
[02/Jun/2018 13:03:28] "POST /hyuhaksik/message HTTP/1.1" 200 1219
[02/Jun/2018 13:03:29] "POST /hyuhaksik/message HTTP/1.1" 200 796
[02/Jun/2018 13:03:30] "POST /hyuhaksik/message HTTP/1.1" 200 788
[02/Jun/2018 13:03:34] "POST /hyuhaksik/message HTTP/1.1" 200 965
[02/Jun/2018 13:03:36] "POST /hyuhaksik/message HTTP/1.1" 200 534
[02/Jun/2018 13:03:39] "POST /hyuhaksik/message HTTP/1.1" 200 1907
[02/Jun/2018 13:03:46] "POST /hyuhaksik/message HTTP/1.1" 200 534
Not Found: /
[02/Jun/2018 13:06:49] "HEAD / HTTP/1.1" 404 2034
[02/Jun/2018 13:07:45] "POST /hyuhaksik/message HTTP/1.1" 200 1011
[02/Jun/2018 13:07:47] "POST /hyuhaksik/message HTTP/1.1" 200 1043
[02/Jun/2018 13:08:14] "POST /hyuhaksik/message HTTP/1.1" 200 519
[02/Jun/2018 13:08:14] "POST /hyuhaksik/message HTTP/1.1" 200 519
[02/Jun/2018 13:08:16] "POST /hyuhaksik/message HTTP/1.1" 200 756
[02/Jun/2018 13:08:16] "POST /hyuhaksik/message HTTP/1.1" 200 756
[02/Jun/2018 13:08:18] "POST /hyuhaksik/message HTTP/1.1" 200 741
[02/Jun/2018 13:08:18] "POST /hyuhaksik/message HTTP/1.1" 200 741
[02/Jun/2018 13:08:20] "POST /hyuhaksik/message HTTP/1.1" 200 788
[02/Jun/2018 13:08:20] "POST /hyuhaksik/message HTTP/1.1" 200 788
[02/Jun/2018 13:08:21] "POST /hyuhaksik/message HTTP/1.1" 200 543
[02/Jun/2018 13:08:21] "POST /hyuhaksik/message HTTP/1.1" 200 543
[02/Jun/2018 13:08:23] "POST /hyuhaksik/message HTTP/1.1" 200 1043
[02/Jun/2018 13:08:43] "POST /hyuhaksik/message HTTP/1.1" 200 1011
[02/Jun/2018 13:08:43] "POST /hyuhaksik/message HTTP/1.1" 200 1011
Performing system checks...

System check identified no issues (0 silenced).
June 01, 2018 - 21:46:14
Django version 2.0.5, using settings 'j_site.settings'
Starting development server at http://0.0.0.0:8000/
Quit the server with CONTROL-C.
Performing system checks...

System check identified no issues (0 silenced).
June 02, 2018 - 16:38:49
Django version 2.0.5, using settings 'j_site.settings'
Starting development server at http://0.0.0.0:8000/
Quit the server with CONTROL-C.
Performing system checks...

System check identified no issues (0 silenced).
June 02, 2018 - 16:40:41
Django version 2.0.5, using settings 'j_site.settings'
Starting development server at http://0.0.0.0:8000/
Quit the server with CONTROL-C.
Performing system checks...

System check identified no issues (0 silenced).
June 02, 2018 - 16:45:14
Django version 2.0.5, using settings 'j_site.settings'
Starting development server at http://0.0.0.0:8000/
Quit the server with CONTROL-C.
[02/Jun/2018 16:46:41] "POST /hyuhaksik/message HTTP/1.1" 200 534
[02/Jun/2018 16:46:42] "POST /hyuhaksik/message HTTP/1.1" 200 534
[02/Jun/2018 16:46:42] "POST /hyuhaksik/message HTTP/1.1" 200 555
[02/Jun/2018 16:46:44] "POST /hyuhaksik/message HTTP/1.1" 200 531
[02/Jun/2018 16:46:45] "POST /hyuhaksik/message HTTP/1.1" 200 543
[02/Jun/2018 16:46:46] "POST /hyuhaksik/message HTTP/1.1" 200 531
[02/Jun/2018 16:46:48] "POST /hyuhaksik/message HTTP/1.1" 200 519
[02/Jun/2018 16:46:49] "POST /hyuhaksik/message HTTP/1.1" 200 555
[02/Jun/2018 16:46:50] "POST /hyuhaksik/message HTTP/1.1" 200 531
[02/Jun/2018 16:46:50] "POST /hyuhaksik/message HTTP/1.1" 200 534
[02/Jun/2018 16:46:51] "POST /hyuhaksik/message HTTP/1.1" 200 534
[02/Jun/2018 16:46:51] "POST /hyuhaksik/message HTTP/1.1" 200 543
[02/Jun/2018 16:46:52] "POST /hyuhaksik/message HTTP/1.1" 200 555
Performing system checks...

System check identified no issues (0 silenced).
June 02, 2018 - 16:45:29
Django version 2.0.5, using settings 'j_site.settings'
Starting development server at http://0.0.0.0:8000/
Quit the server with CONTROL-C.
Performing system checks...

System check identified no issues (0 silenced).
June 02, 2018 - 16:47:28
Django version 2.0.5, using settings 'j_site.settings'
Starting development server at http://0.0.0.0:8000/
Quit the server with CONTROL-C.
[02/Jun/2018 16:48:09] "POST /hyuhaksik/message HTTP/1.1" 200 543
[02/Jun/2018 16:48:10] "POST /hyuhaksik/message HTTP/1.1" 200 1011
[02/Jun/2018 16:48:11] "POST /hyuhaksik/message HTTP/1.1" 200 741
[02/Jun/2018 16:48:12] "POST /hyuhaksik/message HTTP/1.1" 200 756
[02/Jun/2018 16:48:13] "POST /hyuhaksik/message HTTP/1.1" 200 519
[02/Jun/2018 16:48:14] "POST /hyuhaksik/message HTTP/1.1" 200 788
[02/Jun/2018 16:48:16] "POST /hyuhaksik/message HTTP/1.1" 200 543
[02/Jun/2018 16:48:17] "POST /hyuhaksik/message HTTP/1.1" 200 531
[02/Jun/2018 16:48:19] "POST /hyuhaksik/message HTTP/1.1" 200 1073
[02/Jun/2018 16:48:19] "POST /hyuhaksik/message HTTP/1.1" 200 1011
[02/Jun/2018 16:48:22] "POST /hyuhaksik/message HTTP/1.1" 200 741
[02/Jun/2018 16:48:23] "POST /hyuhaksik/message HTTP/1.1" 200 756
[02/Jun/2018 16:48:24] "POST /hyuhaksik/message HTTP/1.1" 200 519
[02/Jun/2018 16:48:35] "POST /hyuhaksik/message HTTP/1.1" 200 543
[02/Jun/2018 16:48:37] "POST /hyuhaksik/message HTTP/1.1" 200 1011
[02/Jun/2018 16:48:38] "POST /hyuhaksik/message HTTP/1.1" 200 1073
[02/Jun/2018 16:48:39] "POST /hyuhaksik/message HTTP/1.1" 200 531
[02/Jun/2018 16:48:40] "POST /hyuhaksik/message HTTP/1.1" 200 543
[02/Jun/2018 16:48:41] "POST /hyuhaksik/message HTTP/1.1" 200 788
[02/Jun/2018 16:48:42] "POST /hyuhaksik/message HTTP/1.1" 200 756
[02/Jun/2018 16:48:43] "POST /hyuhaksik/message HTTP/1.1" 200 741
[02/Jun/2018 16:48:44] "POST /hyuhaksik/message HTTP/1.1" 200 741
[02/Jun/2018 17:02:43] "POST /hyuhaksik/message HTTP/1.1" 200 790
[02/Jun/2018 17:02:45] "POST /hyuhaksik/message HTTP/1.1" 200 769
[02/Jun/2018 17:02:47] "POST /hyuhaksik/message HTTP/1.1" 200 790
[02/Jun/2018 17:02:48] "POST /hyuhaksik/message HTTP/1.1" 200 537
[02/Jun/2018 17:02:49] "POST /hyuhaksik/message HTTP/1.1" 200 828
[02/Jun/2018 17:02:50] "POST /hyuhaksik/message HTTP/1.1" 200 828
[02/Jun/2018 17:02:50] "POST /hyuhaksik/message HTTP/1.1" 200 537
[02/Jun/2018 17:02:54] "POST /hyuhaksik/message HTTP/1.1" 200 769
[02/Jun/2018 17:05:34] "POST /hyuhaksik/message HTTP/1.1" 200 531
[02/Jun/2018 17:05:35] "POST /hyuhaksik/message HTTP/1.1" 200 543
[02/Jun/2018 17:05:36] "POST /hyuhaksik/message HTTP/1.1" 200 519
[02/Jun/2018 17:05:37] "POST /hyuhaksik/message HTTP/1.1" 200 555
[02/Jun/2018 17:05:37] "POST /hyuhaksik/message HTTP/1.1" 200 543
[02/Jun/2018 17:05:38] "POST /hyuhaksik/message HTTP/1.1" 200 519
[02/Jun/2018 17:05:39] "POST /hyuhaksik/message HTTP/1.1" 200 543
[02/Jun/2018 17:05:40] "POST /hyuhaksik/message HTTP/1.1" 200 534
[02/Jun/2018 17:05:40] "POST /hyuhaksik/message HTTP/1.1" 200 534
[02/Jun/2018 17:05:41] "POST /hyuhaksik/message HTTP/1.1" 200 531
[02/Jun/2018 17:05:41] "POST /hyuhaksik/message HTTP/1.1" 200 534
[02/Jun/2018 17:05:42] "POST /hyuhaksik/message HTTP/1.1" 200 543
[02/Jun/2018 17:05:42] "POST /hyuhaksik/message HTTP/1.1" 200 555
[02/Jun/2018 17:06:49] "GET /hyuhaksik/keyboard HTTP/1.1" 301 0
[02/Jun/2018 17:06:49] "GET /hyuhaksik/keyboard/ HTTP/1.1" 200 278
[02/Jun/2018 17:06:50] "POST /hyuhaksik/message HTTP/1.1" 200 891
[02/Jun/2018 17:06:53] "POST /hyuhaksik/message HTTP/1.1" 200 884
[02/Jun/2018 17:06:55] "POST /hyuhaksik/message HTTP/1.1" 200 577
[02/Jun/2018 17:06:59] "POST /hyuhaksik/message HTTP/1.1" 200 916
[02/Jun/2018 17:07:01] "POST /hyuhaksik/message HTTP/1.1" 200 595
[02/Jun/2018 17:07:05] "POST /hyuhaksik/message HTTP/1.1" 200 577
[02/Jun/2018 17:07:05] "POST /hyuhaksik/message HTTP/1.1" 200 916
[02/Jun/2018 17:07:07] "POST /hyuhaksik/message HTTP/1.1" 200 577
[02/Jun/2018 17:07:08] "POST /hyuhaksik/message HTTP/1.1" 200 884
[02/Jun/2018 17:07:08] "POST /hyuhaksik/message HTTP/1.1" 200 884
[02/Jun/2018 17:07:09] "POST /hyuhaksik/message HTTP/1.1" 200 891
[02/Jun/2018 17:07:11] "POST /hyuhaksik/message HTTP/1.1" 200 577
[02/Jun/2018 17:07:11] "POST /hyuhaksik/message HTTP/1.1" 200 916
[02/Jun/2018 17:07:12] "POST /hyuhaksik/message HTTP/1.1" 200 916
[02/Jun/2018 17:07:14] "POST /hyuhaksik/message HTTP/1.1" 200 1256
