Run time - Sat Jun  2 18:00:01 KST 2018
NewStuis Writed
HangwonParkis Writed
LoveRoomis Writed
Staffis Writed
Dorm2is Writed
Dorm1is Writed
Stuis Writed
NewStaffis Writed
Run time - Sat Jun  2 19:00:01 KST 2018
NewStaffis Writed
Dorm2is Writed
Stuis Writed
Dorm1is Writed
Staffis Writed
HangwonParkis Writed
NewStuis Writed
LoveRoomis Writed
Run time - Sat Jun  2 20:00:01 KST 2018
Dorm1is Writed
Stuis Writed
NewStuis Writed
Dorm2is Writed
NewStaffis Writed
HangwonParkis Writed
Staffis Writed
LoveRoomis Writed
Run time - Sat Jun  2 21:00:01 KST 2018
HangwonParkis Writed
LoveRoomis Writed
NewStaffis Writed
Staffis Writed
Dorm1is Writed
Stuis Writed
NewStuis Writed
Dorm2is Writed
Run time - Sat Jun  2 22:00:01 KST 2018
NewStaffis Writed
Stuis Writed
Dorm1is Writed
Dorm2is Writed
Staffis Writed
LoveRoomis Writed
HangwonParkis Writed
NewStuis Writed
Run time - Sat Jun  2 23:00:01 KST 2018
NewStuis Writed
Dorm2is Writed
NewStaffis Writed
Stuis Writed
LoveRoomis Writed
Dorm1is Writed
HangwonParkis Writed
Staffis Writed
Run time - Sun Jun  3 00:00:01 KST 2018
LoveRoomis Writed
HangwonParkis Writed
Stuis Writed
Dorm1is Writed
Dorm2is Writed
NewStuis Writed
NewStaffis Writed
Staffis Writed
Run time - Sun Jun  3 01:00:01 KST 2018
LoveRoomis Writed
NewStuis Writed
Staffis Writed
NewStaffis Writed
HangwonParkis Writed
Dorm1is Writed
Dorm2is Writed
Stuis Writed
